<?xml version="1.0" encoding="UTF-8" standalone="no" ?>
<application xmlns="http://ns.adobe.com/air/application/3.7">
  <id>Test</id>
  <versionNumber>1.0</versionNumber>
  <filename>Test</filename>
  <description/>
<!-- To localize the description, use the following format for the description element.<description><text xml:lang="en">English App description goes here</text><text xml:lang="fr">French App description goes here</text><text xml:lang="ja">Japanese App description goes here</text></description>-->
  <name>Test</name>
<!-- To localize the name, use the following format for the name element.<name><text xml:lang="en">English App name goes here</text><text xml:lang="fr">French App name goes here</text><text xml:lang="ja">Japanese App name goes here</text></name>-->
  <copyright/>
  <initialWindow>
    <content>Test.swf</content>
    <systemChrome>standard</systemChrome>
    <transparent>false</transparent>
    <visible>true</visible>
    <fullScreen>true</fullScreen>
    <aspectRatio>portrait</aspectRatio>
    <renderMode>gpu</renderMode>
    <autoOrients>false</autoOrients></initialWindow>
  <icon/>
  <customUpdateUI>false</customUpdateUI>
  <allowBrowserInvocation>false</allowBrowserInvocation>
  <iPhone>
    <InfoAdditions>
      <![CDATA[<key>UIDeviceFamily</key><array><string>1</string></array>]]>
    </InfoAdditions>
    <requestedDisplayResolution>high</requestedDisplayResolution>
  </iPhone>
  <android>
    <manifestAdditions>
      <![CDATA[<manifest>
<uses-permission android:name="android.permission.CAMERA"/>
      <application>
				    <activity android:name="com.sbhave.nativeExtension.ui.CameraActivity"/>		
        		</application>
</manifest>]]>
    </manifestAdditions>
  </android>
  <extensions>
    <extensionID>com.sbhave.nativeExtensions.zbar</extensionID>
  </extensions>
</application>
